\BOOKMARK [0][-]{chapter.1}{Introduction}{}% 1
\BOOKMARK [0][-]{chapter.2}{Definitions}{}% 2
\BOOKMARK [1][-]{section.2.1}{Geometric set cover}{chapter.2}% 3
\BOOKMARK [1][-]{section.2.2}{Approximation}{chapter.2}% 4
\BOOKMARK [1][-]{section.2.3}{Problem modification with -extension}{chapter.2}% 5
\BOOKMARK [0][-]{chapter.3}{APX-hardness of geometric set cover problem}{}% 6
\BOOKMARK [1][-]{section.3.1}{MAX-\(3,3\)-SAT and statement of reduction}{chapter.3}% 7
\BOOKMARK [1][-]{section.3.2}{Reduction}{chapter.3}% 8
\BOOKMARK [2][-]{subsection.3.2.1}{VARIABLE-gadget}{section.3.2}% 9
\BOOKMARK [2][-]{subsection.3.2.2}{OR-gadget}{section.3.2}% 10
\BOOKMARK [2][-]{subsection.3.2.3}{CLAUSE-gadget}{section.3.2}% 11
\BOOKMARK [2][-]{subsection.3.2.4}{Summary}{section.3.2}% 12
\BOOKMARK [2][-]{subsection.3.2.5}{Summary of construction}{section.3.2}% 13
\BOOKMARK [1][-]{section.3.3}{Construction lemmas and proof of Lemma 3.1}{chapter.3}% 14
\BOOKMARK [0][-]{chapter.4}{Fixed-parameter tractable algorithm for geometric set cover problem}{}% 15
\BOOKMARK [1][-]{section.4.1}{Fixed-parameter tractable algorithm for unweighted segments}{chapter.4}% 16
\BOOKMARK [2][-]{subsection.4.1.1}{Axis-parallel segments}{section.4.1}% 17
\BOOKMARK [2][-]{subsection.4.1.2}{Segments in arbitrary directions}{section.4.1}% 18
\BOOKMARK [1][-]{section.4.2}{Fixed-parameter tractable algorithm for weighted segments with -extensions}{chapter.4}% 19
\BOOKMARK [0][-]{chapter.5}{W[1]-hardness for weighted segments in 3 directions}{}% 20
\BOOKMARK [0][-]{chapter.6}{Geometric Set Cover with lines}{}% 21
\BOOKMARK [1][-]{section.6.1}{Lines parallel to one of the axis}{chapter.6}% 22
\BOOKMARK [1][-]{section.6.2}{FPT for arbitrary lines}{chapter.6}% 23
\BOOKMARK [1][-]{section.6.3}{APX-completeness for arbitrary lines}{chapter.6}% 24
\BOOKMARK [1][-]{section.6.4}{2-approximation for arbitrary lines}{chapter.6}% 25
\BOOKMARK [1][-]{section.6.5}{Connection with general set cover}{chapter.6}% 26
\BOOKMARK [0][-]{chapter.7}{Geometric Set Cover with polygons}{}% 27
\BOOKMARK [1][-]{section.7.1}{State of the art}{chapter.7}% 28
\BOOKMARK [0][-]{chapter.8}{Conclusions}{}% 29
